<?xml version="1.0" encoding="UTF-8"?>
<!-- Generated by org.testng.reporters.JUnitReportReporter -->
<testsuite hostname="Dell-Inspiron15" failures="0" tests="1" name="jira.Jira_01_SessionFilter" time="13.837" errors="0" timestamp="2023-01-10T18:53:21 IST" skipped="0">
  <testcase classname="jira.Jira_01_SessionFilter" name="loginToJira" time="13.837"/>
  <system-out/>
</testsuite> <!-- jira.Jira_01_SessionFilter -->
