<?xml version="1.0" encoding="UTF-8"?>
<!-- Generated by org.testng.reporters.JUnitReportReporter -->
<testsuite hostname="Dell-Inspiron15" failures="0" tests="2" name="jira.Jira_02_AddCommentToIssue" time="1.487" errors="0" timestamp="2023-01-11T10:30:11 IST" skipped="0">
  <testcase classname="jira.Jira_02_AddCommentToIssue" name="AddComentwithSession" time="1.266"/>
  <system-out/>
  <testcase classname="jira.Jira_02_AddCommentToIssue" name="UpdateComment" time="0.221"/>
  <system-out/>
</testsuite> <!-- jira.Jira_02_AddCommentToIssue -->
