<?xml version="1.0" encoding="UTF-8"?>
<!-- Generated by org.testng.reporters.JUnitReportReporter -->
<testsuite hostname="Dell-Inspiron15" failures="0" tests="1" name="basics.DynamicJson_SendParameters_Payload" time="2.736" errors="0" timestamp="2023-01-01T00:34:28 IST" skipped="0">
  <testcase classname="basics.DynamicJson_SendParameters_Payload" name="addBook" time="2.736"/>
  <system-out/>
</testsuite> <!-- basics.DynamicJson_SendParameters_Payload -->
