<?xml version="1.0" encoding="UTF-8"?>
<!-- Generated by org.testng.reporters.JUnitReportReporter -->
<testsuite hostname="Dell-Inspiron15" failures="0" tests="4" name="jira.Jira_03_AddAttachment_GetIssue_EndtoEnd" time="5.477" errors="0" timestamp="2023-01-11T14:57:22 IST" skipped="0">
  <testcase classname="jira.Jira_03_AddAttachment_GetIssue_EndtoEnd" name="createIssue" time="1.547"/>
  <system-out/>
  <testcase classname="jira.Jira_03_AddAttachment_GetIssue_EndtoEnd" name="addAttachment" time="3.349"/>
  <system-out/>
  <testcase classname="jira.Jira_03_AddAttachment_GetIssue_EndtoEnd" name="UpdateComment" time="0.289"/>
  <system-out/>
  <testcase classname="jira.Jira_03_AddAttachment_GetIssue_EndtoEnd" name="AddComment" time="0.292"/>
  <system-out/>
</testsuite> <!-- jira.Jira_03_AddAttachment_GetIssue_EndtoEnd -->
