<?xml version="1.0" encoding="UTF-8"?>
<!-- Generated by org.testng.reporters.JUnitReportReporter -->
<testsuite hostname="Dell-Inspiron15" failures="0" tests="5" name="basics.DynamicJson_03_ParameterizationDataSet_DataProvider" time="5.854" errors="0" timestamp="2023-01-01T01:30:07 IST" skipped="0">
  <testcase classname="basics.DynamicJson_03_ParameterizationDataSet_DataProvider" name="addBook" time="0.313"/>
  <system-out/>
  <testcase classname="basics.DynamicJson_03_ParameterizationDataSet_DataProvider" name="addBook" time="0.258"/>
  <system-out/>
  <testcase classname="basics.DynamicJson_03_ParameterizationDataSet_DataProvider" name="addBook" time="0.333"/>
  <system-out/>
  <testcase classname="basics.DynamicJson_03_ParameterizationDataSet_DataProvider" name="addBook" time="0.238"/>
  <system-out/>
  <testcase classname="basics.DynamicJson_03_ParameterizationDataSet_DataProvider" name="addBook" time="4.712"/>
  <system-out/>
</testsuite> <!-- basics.DynamicJson_03_ParameterizationDataSet_DataProvider -->
