<?xml version="1.0" encoding="UTF-8"?>
<!-- Generated by org.testng.reporters.JUnitReportReporter -->
<testsuite hostname="Dell-Inspiron15" failures="0" tests="1" name="basics.DynamicJson_Payload_AddBook" time="3.907" errors="0" timestamp="2022-12-31T23:54:04 IST" skipped="0">
  <testcase classname="basics.DynamicJson_Payload_AddBook" name="addBook" time="3.907"/>
  <system-out/>
</testsuite> <!-- basics.DynamicJson_Payload_AddBook -->
